<?xml version="1.0" encoding="UTF-8"?>
<!-- Generated by org.testng.reporters.JUnitXMLReporter -->
<testsuite ignored="0" hostname="Ganeshas-laptop" failures="0" tests="3" name="Test" time="175.784" errors="0" timestamp="2022-11-14T16:46:52 IST">
  <testcase classname="jiomartproject.testjiomart" name="homepagesearch1" time="12.597"/>
  <testcase classname="jiomartproject.testjiomart" name="offers" time="24.27"/>
  <testcase classname="jiomartproject.testjiomart" name="availability" time="11.229"/>
</testsuite> <!-- Test -->
